=======[START] ([-e, http://localhost:8080/rdf4j-server/repositories/mgi, -q, /Users/cbuil/Proyectos/sparql_fed_prob/svn_wu/sparql_fed_prob/src/benchmark/resources/queries/bio/carlos_join1.rq, -j, FILTER, -o, bench.bio.results, -b, 750])
 Joins [FILTER]
750
750
______
Parsing Query
______
SELECT  *
WHERE
  { SERVICE <http://localhost:8080/rdf4j-server/repositories/mgi>
      { <http://bio2rdf.org/mgi:1915545>
                  ?p  ?join
      }
    SERVICE <http://localhost:8080/rdf4j-server/repositories/hgnc>
      { ?join  <http://bio2rdf.org/hgnc_vocabulary:status>  "Approved" }
  }

SplitQuery:
___
P1 (EP: http://localhost:8080/rdf4j-server/repositories/mgi)
{ <http://bio2rdf.org/mgi:1915545>
            ?p  ?join
}
P2 (EP: http://localhost:8080/rdf4j-server/repositories/hgnc
{ ?join  <http://bio2rdf.org/hgnc_vocabulary:status>  "Approved" })
___
RUNNING FILTER for /Users/cbuil/Proyectos/sparql_fed_prob/svn_wu/sparql_fed_prob/src/benchmark/resources/queries/bio/carlos_join1.rq
Running batch with 750
[JOIN] FILTER [RESULTS] 1 [TIME] -1 [EXCEPTION] 
 carlos_join1.rq,FILTER,1,2859,27,1,1,1,750,
=======[END] (5784 ms)
 