=======[START] ([-e, http://localhost:8080/rdf4j-server/repositories/mgi, -q, /Users/cbuil/Proyectos/sparql_fed_prob/svn_wu/sparql_fed_prob/src/benchmark/resources/queries/bio/carlos_join2.rq, -j, SERVICE, -o, bench.bio.results, -b, 750])
 Joins [SERVICE]
750
750
______
Parsing Query
______
SELECT  *
WHERE
  { SERVICE <http://localhost:8080/rdf4j-server/repositories/mgi>
      { ?o  <http://bio2rdf.org/mgi_vocabulary:xHGNC>  ?join ;
            <http://bio2rdf.org/mgi_vocabulary:xSymbol>  ?symbol
      }
    SERVICE <http://localhost:8080/rdf4j-server/repositories/hgnc>
      { ?join  <http://bio2rdf.org/hgnc_vocabulary:status>  "Approved" }
  }

SplitQuery:
___
P1 (EP: http://localhost:8080/rdf4j-server/repositories/mgi)
{ ?o  <http://bio2rdf.org/mgi_vocabulary:xHGNC>  ?join ;
      <http://bio2rdf.org/mgi_vocabulary:xSymbol>  ?symbol
}
P2 (EP: http://localhost:8080/rdf4j-server/repositories/hgnc
{ ?join  <http://bio2rdf.org/hgnc_vocabulary:status>  "Approved" })
___
RUNNING SERVICE for /Users/cbuil/Proyectos/sparql_fed_prob/svn_wu/sparql_fed_prob/src/benchmark/resources/queries/bio/carlos_join2.rq
[JOIN] SERVICE [RESULTS] 17547 [TIME] -1 [EXCEPTION] 
 carlos_join2.rq,SERVICE,17547,3571,17547,0,-1,-1,750,
=======[END] (6940 ms)
 