=======[START] ([-e, http://localhost:8080/rdf4j-server/repositories/mgi, -q, /Users/cbuil/Proyectos/sparql_fed_prob/svn_wu/sparql_fed_prob/src/benchmark/resources/queries/bio/carlos_join2.rq, -j, UNION, -o, bench.bio.results, -b, 250])
 Joins [UNION]
250
250
______
Parsing Query
______
SELECT  *
WHERE
  { SERVICE <http://localhost:8080/rdf4j-server/repositories/mgi>
      { ?o  <http://bio2rdf.org/mgi_vocabulary:xHGNC>  ?join ;
            <http://bio2rdf.org/mgi_vocabulary:xSymbol>  ?symbol
      }
    SERVICE <http://localhost:8080/rdf4j-server/repositories/hgnc>
      { ?join  <http://bio2rdf.org/hgnc_vocabulary:status>  "Approved" }
  }

SplitQuery:
___
P1 (EP: http://localhost:8080/rdf4j-server/repositories/mgi)
{ ?o  <http://bio2rdf.org/mgi_vocabulary:xHGNC>  ?join ;
      <http://bio2rdf.org/mgi_vocabulary:xSymbol>  ?symbol
}
P2 (EP: http://localhost:8080/rdf4j-server/repositories/hgnc
{ ?join  <http://bio2rdf.org/hgnc_vocabulary:status>  "Approved" })
___
RUNNING UNION for /Users/cbuil/Proyectos/sparql_fed_prob/svn_wu/sparql_fed_prob/src/benchmark/resources/queries/bio/carlos_join2.rq
P1:SELECT  *
WHERE
  { ?o  <http://bio2rdf.org/mgi_vocabulary:xHGNC>  ?join ;
        <http://bio2rdf.org/mgi_vocabulary:xSymbol>  ?symbol
  }

Running batch
Running batch
Running batch
Running batch
Running batch
Running batch
Running batch
Running batch
Running batch
Running batch
Running batch
Running batch
Running batch
Running batch
Running batch
Running batch
Running batch
Running batch
Running batch
Running batch
Running batch
Running batch
Running batch
Running batch
Running batch
Running batch
Running batch
Running batch
Running batch
Running batch
Running batch
Running batch
Running batch
Running batch
Running batch
Running batch
Running batch
Running batch
Running batch
Running batch
Running batch
Running batch
Running batch
Running batch
Running batch
Running batch
Running batch
Running batch
Running batch
Running batch
Running batch
Running batch
Running batch
Running batch
Running batch
Running batch
Running batch
Running batch
Running batch
Running batch
Running batch
Running batch
Running batch
Running batch
Running batch
Running batch
Running batch
Running batch
Running batch
Running batch
Running batch
Running batch
[JOIN] UNION [RESULTS] 17547 [TIME] -1 [EXCEPTION] 
 carlos_join2.rq,UNION,17547,17022,17817,17547,1,72,250,
=======[END] (20263 ms)
 