=======[START] ([-e, http://localhost:8080/rdf4j-server/repositories/mgi, -q, /Users/cbuil/Proyectos/sparql_fed_prob/svn_wu/sparql_fed_prob/src/benchmark/resources/queries/bio/carlos_join1.rq, -j, FILTER, -o, bench.bio.results, -b, 250])
 Joins [FILTER]
250
250
______
Parsing Query
______
SELECT  *
WHERE
  { SERVICE <http://localhost:8080/rdf4j-server/repositories/mgi>
      { <http://bio2rdf.org/mgi:1915545>
                  ?p  ?join
      }
    SERVICE <http://localhost:8080/rdf4j-server/repositories/hgnc>
      { ?join  <http://bio2rdf.org/hgnc_vocabulary:status>  "Approved" }
  }

SplitQuery:
___
P1 (EP: http://localhost:8080/rdf4j-server/repositories/mgi)
{ <http://bio2rdf.org/mgi:1915545>
            ?p  ?join
}
P2 (EP: http://localhost:8080/rdf4j-server/repositories/hgnc
{ ?join  <http://bio2rdf.org/hgnc_vocabulary:status>  "Approved" })
___
RUNNING FILTER for /Users/cbuil/Proyectos/sparql_fed_prob/svn_wu/sparql_fed_prob/src/benchmark/resources/queries/bio/carlos_join1.rq
Running batch with 250
[JOIN] FILTER [RESULTS] 1 [TIME] -1 [EXCEPTION] 
 carlos_join1.rq,FILTER,1,2907,27,1,1,1,250,
=======[END] (5866 ms)
 