=======[START] ([-e, http://localhost:8080/rdf4j-server/repositories/mgi, -q, /Users/cbuil/Proyectos/sparql_fed_prob/svn_wu/sparql_fed_prob/src/benchmark/resources/queries/bio/carlos_join6.rq, -j, VALUES, -o, bench.bio.results, -b, 750])
 Joins [VALUES]
750
750
______
Parsing Query
______
PREFIX  rdf:  <http://www.w3.org/1999/02/22-rdf-syntax-ns#>

SELECT  *
WHERE
  { SERVICE <http://localhost:8080/rdf4j-server/repositories/mgi>
      { ?s  rdf:type  ?type
        OPTIONAL
          { ?s  <http://bio2rdf.org/mgi_vocabulary:xHGNC>  ?res1 }
        OPTIONAL
          { ?s  <http://bio2rdf.org/mgi_vocabulary:xGeneID>  ?geneid }
      }
    SERVICE <http://localhost:8080/rdf4j-server/repositories/hgnc>
      {   { ?res1  <http://bio2rdf.org/hgnc_vocabulary:status>  "Symbol Withdrawn" ;
                   <http://bio2rdf.org/hgnc_vocabulary:date_modified>  ?date1
          }
        UNION
          { ?res1  <http://bio2rdf.org/hgnc_vocabulary:status>  "Approved" ;
                   <http://bio2rdf.org/hgnc_vocabulary:date_modified>  ?date2 ;
                   <http://bio2rdf.org/hgnc_vocabulary:x-mgi>  ?mgi2
            OPTIONAL
              { ?res1  <http://bio2rdf.org/hgnc_vocabulary:x-geneid>  ?geneid }
            OPTIONAL
              { ?res1  <http://bio2rdf.org/hgnc_vocabulary:x-pubmed>  ?pubmed }
          }
      }
  }

SplitQuery:
___
P1 (EP: http://localhost:8080/rdf4j-server/repositories/mgi)
{ ?s  a                     ?type
  OPTIONAL
    { ?s  <http://bio2rdf.org/mgi_vocabulary:xHGNC>  ?res1 }
  OPTIONAL
    { ?s  <http://bio2rdf.org/mgi_vocabulary:xGeneID>  ?geneid }
}
P2 (EP: http://localhost:8080/rdf4j-server/repositories/hgnc
{   { ?res1  <http://bio2rdf.org/hgnc_vocabulary:status>  "Symbol Withdrawn" ;
             <http://bio2rdf.org/hgnc_vocabulary:date_modified>  ?date1
    }
  UNION
    { ?res1  <http://bio2rdf.org/hgnc_vocabulary:status>  "Approved" ;
             <http://bio2rdf.org/hgnc_vocabulary:date_modified>  ?date2 ;
             <http://bio2rdf.org/hgnc_vocabulary:x-mgi>  ?mgi2
      OPTIONAL
        { ?res1  <http://bio2rdf.org/hgnc_vocabulary:x-geneid>  ?geneid }
      OPTIONAL
        { ?res1  <http://bio2rdf.org/hgnc_vocabulary:x-pubmed>  ?pubmed }
    }
})
___
RUNNING VALUES for /Users/cbuil/Proyectos/sparql_fed_prob/svn_wu/sparql_fed_prob/src/benchmark/resources/queries/bio/carlos_join6.rq
Running batch with 750
SELECT  *
WHERE
  {   { ?res1  <http://bio2rdf.org/hgnc_vocabulary:status>  "Symbol Withdrawn" ;
               <http://bio2rdf.org/hgnc_vocabulary:date_modified>  ?date1
      }
    UNION
      { ?res1  <http://bio2rdf.org/hgnc_vocabulary:status>  "Approved" ;
               <http://bio2rdf.org/hgnc_vocabulary:date_modified>  ?date2 ;
               <http://bio2rdf.org/hgnc_vocabulary:x-mgi>  ?mgi2
        OPTIONAL
          { ?res1  <http://bio2rdf.org/hgnc_vocabulary:x-geneid>  ?geneid }
        OPTIONAL
          { ?res1  <http://bio2rdf.org/hgnc_vocabulary:x-pubmed>  ?pubmed }
      }
  }
VALUES ( ?res1 ?geneid ) {
  ( UNDEF <http://bio2rdf.org/geneid:null> )
  ( UNDEF <http://bio2rdf.org/geneid:null> )
  ( UNDEF <http://bio2rdf.org/geneid:null> )
  ( UNDEF <http://bio2rdf.org/geneid:null> )
  ( UNDEF <http://bio2rdf.org/geneid:null> )
  ( UNDEF <http://bio2rdf.org/geneid:null> )
  ( UNDEF <http://bio2rdf.org/geneid:null> )
  ( UNDEF <http://bio2rdf.org/geneid:null> )
  ( UNDEF <http://bio2rdf.org/geneid:null> )
  ( UNDEF <http://bio2rdf.org/geneid:null> )
  ( UNDEF <http://bio2rdf.org/geneid:null> )
  ( UNDEF <http://bio2rdf.org/geneid:null> )
  ( UNDEF <http://bio2rdf.org/geneid:null> )
  ( UNDEF <http://bio2rdf.org/geneid:null> )
  ( UNDEF <http://bio2rdf.org/geneid:null> )
  ( UNDEF <http://bio2rdf.org/geneid:null> )
  ( UNDEF <http://bio2rdf.org/geneid:null> )
  ( UNDEF <http://bio2rdf.org/geneid:null> )
  ( UNDEF <http://bio2rdf.org/geneid:null> )
  ( UNDEF <http://bio2rdf.org/geneid:null> )
  ( UNDEF <http://bio2rdf.org/geneid:null> )
  ( UNDEF <http://bio2rdf.org/geneid:null> )
  ( UNDEF <http://bio2rdf.org/geneid:null> )
  ( UNDEF <http://bio2rdf.org/geneid:null> )
  ( UNDEF <http://bio2rdf.org/geneid:null> )
  ( UNDEF <http://bio2rdf.org/geneid:null> )
  ( UNDEF <http://bio2rdf.org/geneid:null> )
  ( UNDEF <http://bio2rdf.org/geneid:null> )
  ( UNDEF <http://bio2rdf.org/geneid:null> )
  ( UNDEF <http://bio2rdf.org/geneid:null> )
  ( UNDEF <http://bio2rdf.org/geneid:null> )
  ( UNDEF <http://bio2rdf.org/geneid:null> )
  ( UNDEF <http://bio2rdf.org/geneid:null> )
  ( UNDEF <http://bio2rdf.org/geneid:null> )
  ( UNDEF <http://bio2rdf.org/geneid:null> )
  ( UNDEF <http://bio2rdf.org/geneid:null> )
  ( UNDEF <http://bio2rdf.org/geneid:null> )
  ( UNDEF <http://bio2rdf.org/geneid:null> )
  ( UNDEF <http://bio2rdf.org/geneid:null> )
  ( UNDEF <http://bio2rdf.org/geneid:null> )
  ( UNDEF <http://bio2rdf.org/geneid:null> )
  ( UNDEF <http://bio2rdf.org/geneid:null> )
  ( UNDEF <http://bio2rdf.org/geneid:null> )
  ( UNDEF <http://bio2rdf.org/geneid:null> )
  ( UNDEF <http://bio2rdf.org/geneid:null> )
  ( UNDEF <http://bio2rdf.org/geneid:null> )
  ( UNDEF <http://bio2rdf.org/geneid:null> )
  ( UNDEF <http://bio2rdf.org/geneid:null> )
  ( UNDEF <http://bio2rdf.org/geneid:null> )
  ( UNDEF <http://bio2rdf.org/geneid:null> )
  ( UNDEF <http://bio2rdf.org/geneid:null> )
  ( UNDEF <http://bio2rdf.org/geneid:null> )
  ( UNDEF <http://bio2rdf.org/geneid:null> )
  ( UNDEF <http://bio2rdf.org/geneid:null> )
  ( UNDEF <http://bio2rdf.org/geneid:null> )
  ( UNDEF <http://bio2rdf.org/geneid:null> )
  ( UNDEF <http://bio2rdf.org/geneid:null> )
  ( UNDEF <http://bio2rdf.org/geneid:null> )
  ( UNDEF <http://bio2rdf.org/geneid:null> )
  ( UNDEF <http://bio2rdf.org/geneid:null> )
  ( UNDEF <http://bio2rdf.org/geneid:null> )
  ( UNDEF <http://bio2rdf.org/geneid:null> )
  ( UNDEF <http://bio2rdf.org/geneid:null> )
  ( UNDEF <http://bio2rdf.org/geneid:null> )
  ( UNDEF <http://bio2rdf.org/geneid:null> )
  ( UNDEF <http://bio2rdf.org/geneid:null> )
  ( UNDEF <http://bio2rdf.org/geneid:null> )
  ( UNDEF <http://bio2rdf.org/geneid:null> )
  ( UNDEF <http://bio2rdf.org/geneid:null> )
  ( UNDEF <http://bio2rdf.org/geneid:null> )
  ( UNDEF <http://bio2rdf.org/geneid:null> )
  ( UNDEF <http://bio2rdf.org/geneid:null> )
  ( UNDEF <http://bio2rdf.org/geneid:null> )
  ( UNDEF <http://bio2rdf.org/geneid:null> )
  ( UNDEF <http://bio2rdf.org/geneid:null> )
  ( UNDEF <http://bio2rdf.org/geneid:null> )
  ( UNDEF <http://bio2rdf.org/geneid:null> )
  ( UNDEF <http://bio2rdf.org/geneid:null> )
  ( UNDEF <http://bio2rdf.org/geneid:null> )
  ( UNDEF <http://bio2rdf.org/geneid:null> )
  ( UNDEF <http://bio2rdf.org/geneid:null> )
  ( UNDEF <http://bio2rdf.org/geneid:null> )
  ( UNDEF <http://bio2rdf.org/geneid:null> )
  ( UNDEF <http://bio2rdf.org/geneid:null> )
  ( UNDEF <http://bio2rdf.org/geneid:null> )
  ( UNDEF <http://bio2rdf.org/geneid:null> )
  ( UNDEF <http://bio2rdf.org/geneid:null> )
  ( UNDEF <http://bio2rdf.org/geneid:null> )
  ( UNDEF <http://bio2rdf.org/geneid:null> )
  ( UNDEF <http://bio2rdf.org/geneid:null> )
  ( UNDEF <http://bio2rdf.org/geneid:null> )
  ( UNDEF <http://bio2rdf.org/geneid:null> )
  ( UNDEF <http://bio2rdf.org/geneid:null> )
  ( UNDEF <http://bio2rdf.org/geneid:null> )
  ( UNDEF <http://bio2rdf.org/geneid:null> )
  ( UNDEF <http://bio2rdf.org/geneid:null> )
  ( UNDEF <http://bio2rdf.org/geneid:null> )
  ( UNDEF <http://bio2rdf.org/geneid:null> )
  ( UNDEF <http://bio2rdf.org/geneid:null> )
  ( UNDEF <http://bio2rdf.org/geneid:null> )
  ( UNDEF <http://bio2rdf.org/geneid:null> )
  ( UNDEF <http://bio2rdf.org/geneid:null> )
  ( UNDEF <http://bio2rdf.org/geneid:null> )
  ( UNDEF <http://bio2rdf.org/geneid:null> )
  ( UNDEF <http://bio2rdf.org/geneid:null> )
  ( UNDEF <http://bio2rdf.org/geneid:null> )
  ( UNDEF <http://bio2rdf.org/geneid:null> )
  ( UNDEF <http://bio2rdf.org/geneid:null> )
  ( UNDEF <http://bio2rdf.org/geneid:null> )
  ( UNDEF <http://bio2rdf.org/geneid:null> )
  ( UNDEF <http://bio2rdf.org/geneid:null> )
  ( <http://bio2rdf.org/hgnc:11512> <http://bio2rdf.org/geneid:6860> )
  ( <http://bio2rdf.org/hgnc:11512> <http://bio2rdf.org/geneid:20983> )
  ( <http://bio2rdf.org/hgnc:10790> <http://bio2rdf.org/geneid:6433> )
  ( <http://bio2rdf.org/hgnc:10790> <http://bio2rdf.org/geneid:231769> )
  ( <http://bio2rdf.org/hgnc:3325> <http://bio2rdf.org/geneid:2004> )
  ( <http://bio2rdf.org/hgnc:3325> <http://bio2rdf.org/geneid:13713> )
  ( <http://bio2rdf.org/hgnc:1875> <http://bio2rdf.org/geneid:1073> )
  ( <http://bio2rdf.org/hgnc:1875> <http://bio2rdf.org/geneid:12632> )
  ( <http://bio2rdf.org/hgnc:1775> <http://bio2rdf.org/geneid:8851> )
  ( <http://bio2rdf.org/hgnc:1775> <http://bio2rdf.org/geneid:12569> )
  ( <http://bio2rdf.org/hgnc:10481> <http://bio2rdf.org/geneid:6259> )
  ( <http://bio2rdf.org/hgnc:10481> <http://bio2rdf.org/geneid:20187> )
  ( <http://bio2rdf.org/hgnc:6943> <http://bio2rdf.org/geneid:4170> )
  ( <http://bio2rdf.org/hgnc:6943> <http://bio2rdf.org/geneid:17210> )
  ( <http://bio2rdf.org/hgnc:11169> <http://bio2rdf.org/geneid:6645> )
  ( <http://bio2rdf.org/hgnc:11169> <http://bio2rdf.org/geneid:20650> )
  ( <http://bio2rdf.org/hgnc:11167> <http://bio2rdf.org/geneid:6640> )
  ( <http://bio2rdf.org/hgnc:11167> <http://bio2rdf.org/geneid:20648> )
  ( <http://bio2rdf.org/hgnc:1705> <http://bio2rdf.org/geneid:942> )
  ( <http://bio2rdf.org/hgnc:1705> <http://bio2rdf.org/geneid:12524> )
  ( <http://bio2rdf.org/hgnc:21734> <http://bio2rdf.org/geneid:89884> )
  ( <http://bio2rdf.org/hgnc:21734> <http://bio2rdf.org/geneid:16872> )
  ( <http://bio2rdf.org/hgnc:11168> <http://bio2rdf.org/geneid:6641> )
  ( <http://bio2rdf.org/hgnc:11168> <http://bio2rdf.org/geneid:20649> )
  ( <http://bio2rdf.org/hgnc:11397> <http://bio2rdf.org/geneid:10733> )
  ( <http://bio2rdf.org/hgnc:11397> <http://bio2rdf.org/geneid:20873> )
  ( <http://bio2rdf.org/hgnc:7756> <http://bio2rdf.org/geneid:10763> )
  ( <http://bio2rdf.org/hgnc:7756> <http://bio2rdf.org/geneid:18008> )
  ( <http://bio2rdf.org/hgnc:7548> <http://bio2rdf.org/geneid:4605> )
  ( <http://bio2rdf.org/hgnc:7548> <http://bio2rdf.org/geneid:17865> )
  ( <http://bio2rdf.org/hgnc:7428> <http://bio2rdf.org/geneid:4520> )
  ( <http://bio2rdf.org/hgnc:7428> <http://bio2rdf.org/geneid:17764> )
  ( <http://bio2rdf.org/hgnc:7455> <http://bio2rdf.org/geneid:null> )
  ( <http://bio2rdf.org/hgnc:7455> <http://bio2rdf.org/geneid:4535> )
  ( <http://bio2rdf.org/hgnc:3560> <http://bio2rdf.org/geneid:2171> )
  ( <http://bio2rdf.org/hgnc:3560> <http://bio2rdf.org/geneid:16592> )
  ( <http://bio2rdf.org/hgnc:6132> <http://bio2rdf.org/geneid:3670> )
  ( <http://bio2rdf.org/hgnc:6132> <http://bio2rdf.org/geneid:16392> )
  ( <http://bio2rdf.org/hgnc:3537> <http://bio2rdf.org/geneid:2149> )
  ( <http://bio2rdf.org/hgnc:3537> <http://bio2rdf.org/geneid:14062> )
  ( <http://bio2rdf.org/hgnc:4706> <http://bio2rdf.org/geneid:2997> )
  ( <http://bio2rdf.org/hgnc:4706> <http://bio2rdf.org/geneid:14936> )
  ( <http://bio2rdf.org/hgnc:3768> <http://bio2rdf.org/geneid:342184> )
  ( <http://bio2rdf.org/hgnc:3768> <http://bio2rdf.org/geneid:14260> )
  ( <http://bio2rdf.org/hgnc:7325> <http://bio2rdf.org/geneid:4436> )
  ( <http://bio2rdf.org/hgnc:7325> <http://bio2rdf.org/geneid:17685> )
  ( <http://bio2rdf.org/hgnc:3321> <http://bio2rdf.org/geneid:2002> )
  ( <http://bio2rdf.org/hgnc:3321> <http://bio2rdf.org/geneid:13712> )
  ( <http://bio2rdf.org/hgnc:12417> <http://bio2rdf.org/geneid:7283> )
  ( <http://bio2rdf.org/hgnc:12417> <http://bio2rdf.org/geneid:103733> )
  ( UNDEF <http://bio2rdf.org/geneid:226695> )
  ( <http://bio2rdf.org/hgnc:4399> <http://bio2rdf.org/geneid:10399> )
  ( <http://bio2rdf.org/hgnc:4399> <http://bio2rdf.org/geneid:14694> )
  ( <http://bio2rdf.org/hgnc:29197> <http://bio2rdf.org/geneid:54462> )
  ( <http://bio2rdf.org/hgnc:29197> <http://bio2rdf.org/geneid:72972> )
  ( <http://bio2rdf.org/hgnc:2666> <http://bio2rdf.org/geneid:1605> )
  ( <http://bio2rdf.org/hgnc:2666> <http://bio2rdf.org/geneid:13138> )
  ( <http://bio2rdf.org/hgnc:11298> <http://bio2rdf.org/geneid:6725> )
  ( <http://bio2rdf.org/hgnc:11298> <http://bio2rdf.org/geneid:20811> )
  ( <http://bio2rdf.org/hgnc:11714> <http://bio2rdf.org/geneid:7003> )
  ( <http://bio2rdf.org/hgnc:11714> <http://bio2rdf.org/geneid:21676> )
  ( <http://bio2rdf.org/hgnc:9214> <http://bio2rdf.org/geneid:5453> )
  ( <http://bio2rdf.org/hgnc:9214> <http://bio2rdf.org/geneid:18991> )
  ( <http://bio2rdf.org/hgnc:9212> <http://bio2rdf.org/geneid:5451> )
  ( <http://bio2rdf.org/hgnc:9212> <http://bio2rdf.org/geneid:100503933> )
  ( <http://bio2rdf.org/hgnc:7160> <http://bio2rdf.org/geneid:4323> )
  ( <http://bio2rdf.org/hgnc:7160> <http://bio2rdf.org/geneid:17387> )
  ( <http://bio2rdf.org/hgnc:3538> <http://bio2rdf.org/geneid:2150> )
  ( <http://bio2rdf.org/hgnc:3538> <http://bio2rdf.org/geneid:14063> )
  ( <http://bio2rdf.org/hgnc:2664> <http://bio2rdf.org/geneid:1603> )
  ( <http://bio2rdf.org/hgnc:2664> <http://bio2rdf.org/geneid:13135> )
  ( <http://bio2rdf.org/hgnc:1941> <http://bio2rdf.org/geneid:1122> )
  ( <http://bio2rdf.org/hgnc:1941> <http://bio2rdf.org/geneid:12663> )
  ( <http://bio2rdf.org/hgnc:3562> <http://bio2rdf.org/geneid:2173> )
  ( <http://bio2rdf.org/hgnc:3562> <http://bio2rdf.org/geneid:12140> )
  ( <http://bio2rdf.org/hgnc:24131> <http://bio2rdf.org/geneid:55973> )
  ( <http://bio2rdf.org/hgnc:24131> <http://bio2rdf.org/geneid:12033> )
  ( <http://bio2rdf.org/hgnc:555> <http://bio2rdf.org/geneid:164> )
  ( <http://bio2rdf.org/hgnc:555> <http://bio2rdf.org/geneid:11765> )
  ( UNDEF <http://bio2rdf.org/geneid:14074> )
  ( <http://bio2rdf.org/hgnc:2303> <http://bio2rdf.org/geneid:1363> )
  ( <http://bio2rdf.org/hgnc:2303> <http://bio2rdf.org/geneid:12876> )
  ( <http://bio2rdf.org/hgnc:11749> <http://bio2rdf.org/geneid:7027> )
  ( <http://bio2rdf.org/hgnc:11749> <http://bio2rdf.org/geneid:21781> )
  ( <http://bio2rdf.org/hgnc:9018> <http://bio2rdf.org/geneid:5570> )
  ( <http://bio2rdf.org/hgnc:9018> <http://bio2rdf.org/geneid:18768> )
  ( <http://bio2rdf.org/hgnc:5008> <http://bio2rdf.org/geneid:3158> )
  ( <http://bio2rdf.org/hgnc:5008> <http://bio2rdf.org/geneid:15360> )
  ( <http://bio2rdf.org/hgnc:679> <http://bio2rdf.org/geneid:397> )
  ( <http://bio2rdf.org/hgnc:679> <http://bio2rdf.org/geneid:11857> )
  ( UNDEF <http://bio2rdf.org/geneid:null> )
  ( UNDEF <http://bio2rdf.org/geneid:null> )
  ( UNDEF <http://bio2rdf.org/geneid:null> )
  ( UNDEF <http://bio2rdf.org/geneid:null> )
  ( UNDEF <http://bio2rdf.org/geneid:null> )
  ( UNDEF <http://bio2rdf.org/geneid:null> )
  ( UNDEF <http://bio2rdf.org/geneid:null> )
  ( UNDEF <http://bio2rdf.org/geneid:null> )
  ( UNDEF <http://bio2rdf.org/geneid:null> )
  ( UNDEF <http://bio2rdf.org/geneid:null> )
  ( UNDEF <http://bio2rdf.org/geneid:null> )
  ( UNDEF <http://bio2rdf.org/geneid:null> )
  ( UNDEF <http://bio2rdf.org/geneid:null> )
  ( UNDEF <http://bio2rdf.org/geneid:null> )
  ( UNDEF <http://bio2rdf.org/geneid:null> )
  ( UNDEF <http://bio2rdf.org/geneid:null> )
  ( UNDEF <http://bio2rdf.org/geneid:null> )
  ( UNDEF <http://bio2rdf.org/geneid:null> )
  ( UNDEF <http://bio2rdf.org/geneid:null> )
  ( UNDEF <http://bio2rdf.org/geneid:null> )
  ( UNDEF <http://bio2rdf.org/geneid:null> )
  ( UNDEF <http://bio2rdf.org/geneid:null> )
  ( UNDEF <http://bio2rdf.org/geneid:null> )
  ( UNDEF <http://bio2rdf.org/geneid:null> )
  ( UNDEF <http://bio2rdf.org/geneid:null> )
  ( UNDEF <http://bio2rdf.org/geneid:null> )
  ( UNDEF <http://bio2rdf.org/geneid:null> )
  ( UNDEF <http://bio2rdf.org/geneid:null> )
  ( UNDEF <http://bio2rdf.org/geneid:null> )
  ( UNDEF <http://bio2rdf.org/geneid:null> )
  ( UNDEF <http://bio2rdf.org/geneid:null> )
  ( UNDEF <http://bio2rdf.org/geneid:null> )
  ( UNDEF <http://bio2rdf.org/geneid:null> )
  ( UNDEF <http://bio2rdf.org/geneid:null> )
  ( UNDEF <http://bio2rdf.org/geneid:null> )
  ( UNDEF <http://bio2rdf.org/geneid:null> )
  ( UNDEF <http://bio2rdf.org/geneid:null> )
  ( UNDEF <http://bio2rdf.org/geneid:null> )
  ( <http://bio2rdf.org/hgnc:7776> <http://bio2rdf.org/geneid:4773> )
  ( <http://bio2rdf.org/hgnc:7776> <http://bio2rdf.org/geneid:18019> )
  ( <http://bio2rdf.org/hgnc:30884> <http://bio2rdf.org/geneid:55852> )
  ( <http://bio2rdf.org/hgnc:30884> <http://bio2rdf.org/geneid:21763> )
  ( <http://bio2rdf.org/hgnc:9042> <http://bio2rdf.org/geneid:22925> )
  ( <http://bio2rdf.org/hgnc:9042> <http://bio2rdf.org/geneid:18779> )
  ( <http://bio2rdf.org/hgnc:7775> <http://bio2rdf.org/geneid:4772> )
  ( <http://bio2rdf.org/hgnc:7775> <http://bio2rdf.org/geneid:18018> )
  ( UNDEF <http://bio2rdf.org/geneid:null> )
  ( UNDEF <http://bio2rdf.org/geneid:null> )
  ( UNDEF <http://bio2rdf.org/geneid:null> )
  ( UNDEF <http://bio2rdf.org/geneid:null> )
  ( UNDEF <http://bio2rdf.org/geneid:null> )
  ( UNDEF <http://bio2rdf.org/geneid:null> )
  ( UNDEF <http://bio2rdf.org/geneid:null> )
  ( UNDEF <http://bio2rdf.org/geneid:null> )
  ( UNDEF <http://bio2rdf.org/geneid:null> )
  ( UNDEF <http://bio2rdf.org/geneid:null> )
  ( UNDEF <http://bio2rdf.org/geneid:null> )
  ( UNDEF <http://bio2rdf.org/geneid:null> )
  ( UNDEF <http://bio2rdf.org/geneid:null> )
  ( UNDEF <http://bio2rdf.org/geneid:null> )
  ( UNDEF <http://bio2rdf.org/geneid:null> )
  ( UNDEF <http://bio2rdf.org/geneid:null> )
  ( UNDEF <http://bio2rdf.org/geneid:null> )
  ( UNDEF <http://bio2rdf.org/geneid:null> )
  ( UNDEF <http://bio2rdf.org/geneid:null> )
  ( UNDEF <http://bio2rdf.org/geneid:null> )
  ( UNDEF <http://bio2rdf.org/geneid:null> )
  ( UNDEF <http://bio2rdf.org/geneid:null> )
  ( UNDEF <http://bio2rdf.org/geneid:null> )
  ( <http://bio2rdf.org/hgnc:10082> <http://bio2rdf.org/geneid:null> )
  ( <http://bio2rdf.org/hgnc:10082> <http://bio2rdf.org/geneid:6052> )
  ( UNDEF <http://bio2rdf.org/geneid:null> )
  ( <http://bio2rdf.org/hgnc:7462> <http://bio2rdf.org/geneid:null> )
  ( <http://bio2rdf.org/hgnc:7462> <http://bio2rdf.org/geneid:4541> )
  ( <http://bio2rdf.org/hgnc:7461> <http://bio2rdf.org/geneid:null> )
  ( <http://bio2rdf.org/hgnc:7461> <http://bio2rdf.org/geneid:4540> )
  ( <http://bio2rdf.org/hgnc:7460> <http://bio2rdf.org/geneid:null> )
  ( <http://bio2rdf.org/hgnc:7460> <http://bio2rdf.org/geneid:4539> )
  ( <http://bio2rdf.org/hgnc:7459> <http://bio2rdf.org/geneid:null> )
  ( <http://bio2rdf.org/hgnc:7459> <http://bio2rdf.org/geneid:4538> )
  ( <http://bio2rdf.org/hgnc:7458> <http://bio2rdf.org/geneid:null> )
  ( <http://bio2rdf.org/hgnc:7458> <http://bio2rdf.org/geneid:4537> )
  ( <http://bio2rdf.org/hgnc:7456> <http://bio2rdf.org/geneid:null> )
  ( <http://bio2rdf.org/hgnc:7456> <http://bio2rdf.org/geneid:4536> )
  ( <http://bio2rdf.org/hgnc:7427> <http://bio2rdf.org/geneid:null> )
  ( <http://bio2rdf.org/hgnc:7427> <http://bio2rdf.org/geneid:4519> )
  ( <http://bio2rdf.org/hgnc:7422> <http://bio2rdf.org/geneid:null> )
  ( <http://bio2rdf.org/hgnc:7422> <http://bio2rdf.org/geneid:4514> )
  ( <http://bio2rdf.org/hgnc:7421> <http://bio2rdf.org/geneid:null> )
  ( <http://bio2rdf.org/hgnc:7421> <http://bio2rdf.org/geneid:4513> )
  ( <http://bio2rdf.org/hgnc:7419> <http://bio2rdf.org/geneid:null> )
  ( <http://bio2rdf.org/hgnc:7419> <http://bio2rdf.org/geneid:4512> )
  ( UNDEF <http://bio2rdf.org/geneid:null> )
  ( <http://bio2rdf.org/hgnc:9220> <http://bio2rdf.org/geneid:5459> )
  ( <http://bio2rdf.org/hgnc:9220> <http://bio2rdf.org/geneid:18998> )
  ( <http://bio2rdf.org/hgnc:9218> <http://bio2rdf.org/geneid:5457> )
  ( <http://bio2rdf.org/hgnc:9218> <http://bio2rdf.org/geneid:18996> )
  ( <http://bio2rdf.org/hgnc:11604> <http://bio2rdf.org/geneid:6910> )
  ( <http://bio2rdf.org/hgnc:11604> <http://bio2rdf.org/geneid:21388> )
  ( <http://bio2rdf.org/hgnc:1591> <http://bio2rdf.org/geneid:899> )
  ( <http://bio2rdf.org/hgnc:1591> <http://bio2rdf.org/geneid:12449> )
  ( <http://bio2rdf.org/hgnc:11603> <http://bio2rdf.org/geneid:9496> )
  ( <http://bio2rdf.org/hgnc:11603> <http://bio2rdf.org/geneid:21387> )
  ( <http://bio2rdf.org/hgnc:2709> <http://bio2rdf.org/geneid:1638> )
  ( <http://bio2rdf.org/hgnc:2709> <http://bio2rdf.org/geneid:13190> )
  ( <http://bio2rdf.org/hgnc:19864> <http://bio2rdf.org/geneid:25833> )
  ( <http://bio2rdf.org/hgnc:19864> <http://bio2rdf.org/geneid:18988> )
  ( <http://bio2rdf.org/hgnc:7678> <http://bio2rdf.org/geneid:4693> )
  ( <http://bio2rdf.org/hgnc:7678> <http://bio2rdf.org/geneid:17986> )
  ( <http://bio2rdf.org/hgnc:7857> <http://bio2rdf.org/geneid:4836> )
  ( <http://bio2rdf.org/hgnc:7857> <http://bio2rdf.org/geneid:18107> )
  ( <http://bio2rdf.org/hgnc:7569> <http://bio2rdf.org/geneid:4629> )
  ( <http://bio2rdf.org/hgnc:7569> <http://bio2rdf.org/geneid:17880> )
  ( <http://bio2rdf.org/hgnc:1734> <http://bio2rdf.org/geneid:997> )
  ( <http://bio2rdf.org/hgnc:1734> <http://bio2rdf.org/geneid:216150> )
  ( <http://bio2rdf.org/hgnc:6238> <http://bio2rdf.org/geneid:3751> )
  ( <http://bio2rdf.org/hgnc:6238> <http://bio2rdf.org/geneid:16508> )
  ( UNDEF <http://bio2rdf.org/geneid:null> )
  ( <http://bio2rdf.org/hgnc:9117> <http://bio2rdf.org/geneid:5375> )
  ( <http://bio2rdf.org/hgnc:9117> <http://bio2rdf.org/geneid:18857> )
  ( UNDEF <http://bio2rdf.org/geneid:16821> )
  ( <http://bio2rdf.org/hgnc:6525> <http://bio2rdf.org/geneid:3933> )
  ( <http://bio2rdf.org/hgnc:6525> <http://bio2rdf.org/geneid:16820> )
  ( <http://bio2rdf.org/hgnc:18700> <http://bio2rdf.org/geneid:54514> )
  ( <http://bio2rdf.org/hgnc:18700> <http://bio2rdf.org/geneid:13206> )
  ( <http://bio2rdf.org/hgnc:6595> <http://bio2rdf.org/geneid:8022> )
  ( <http://bio2rdf.org/hgnc:6595> <http://bio2rdf.org/geneid:16871> )
  ( <http://bio2rdf.org/hgnc:12559> <http://bio2rdf.org/geneid:7369> )
  ( <http://bio2rdf.org/hgnc:12559> <http://bio2rdf.org/geneid:22242> )
  ( <http://bio2rdf.org/hgnc:2418> <http://bio2rdf.org/geneid:1428> )
  ( <http://bio2rdf.org/hgnc:2418> <http://bio2rdf.org/geneid:12971> )
  ( <http://bio2rdf.org/hgnc:4567> <http://bio2rdf.org/geneid:2886> )
  ( <http://bio2rdf.org/hgnc:4567> <http://bio2rdf.org/geneid:14786> )
  ( <http://bio2rdf.org/hgnc:991> <http://bio2rdf.org/geneid:597> )
  ( <http://bio2rdf.org/hgnc:991> <http://bio2rdf.org/geneid:12044> )
  ( <http://bio2rdf.org/hgnc:4739> <http://bio2rdf.org/geneid:3014> )
  ( <http://bio2rdf.org/hgnc:4739> <http://bio2rdf.org/geneid:15270> )
  ( <http://bio2rdf.org/hgnc:9670> <http://bio2rdf.org/geneid:5792> )
  ( <http://bio2rdf.org/hgnc:9670> <http://bio2rdf.org/geneid:19268> )
  ( <http://bio2rdf.org/hgnc:8993> <http://bio2rdf.org/geneid:5304> )
  ( <http://bio2rdf.org/hgnc:8993> <http://bio2rdf.org/geneid:18716> )
  ( <http://bio2rdf.org/hgnc:7423> <http://bio2rdf.org/geneid:4515> )
  ( <http://bio2rdf.org/hgnc:7423> <http://bio2rdf.org/geneid:17763> )
  ( <http://bio2rdf.org/hgnc:6143> <http://bio2rdf.org/geneid:3679> )
  ( <http://bio2rdf.org/hgnc:6143> <http://bio2rdf.org/geneid:16404> )
  ( UNDEF <http://bio2rdf.org/geneid:14728> )
  ( UNDEF <http://bio2rdf.org/geneid:14727> )
  ( <http://bio2rdf.org/hgnc:4404> <http://bio2rdf.org/geneid:54331> )
  ( <http://bio2rdf.org/hgnc:4404> <http://bio2rdf.org/geneid:14702> )
  ( <http://bio2rdf.org/hgnc:3222> <http://bio2rdf.org/geneid:1943> )
  ( <http://bio2rdf.org/hgnc:3222> <http://bio2rdf.org/geneid:13637> )
  ( <http://bio2rdf.org/hgnc:3226> <http://bio2rdf.org/geneid:1947> )
  ( <http://bio2rdf.org/hgnc:3226> <http://bio2rdf.org/geneid:13641> )
  ( <http://bio2rdf.org/hgnc:2400> <http://bio2rdf.org/geneid:1417> )
  ( <http://bio2rdf.org/hgnc:2400> <http://bio2rdf.org/geneid:12962> )
  ( <http://bio2rdf.org/hgnc:3180> <http://bio2rdf.org/geneid:1910> )
  ( <http://bio2rdf.org/hgnc:3180> <http://bio2rdf.org/geneid:13618> )
  ( <http://bio2rdf.org/hgnc:16068> <http://bio2rdf.org/geneid:5116> )
  ( <http://bio2rdf.org/hgnc:16068> <http://bio2rdf.org/geneid:18541> )
  ( <http://bio2rdf.org/hgnc:2704> <http://bio2rdf.org/geneid:1633> )
  ( <http://bio2rdf.org/hgnc:2704> <http://bio2rdf.org/geneid:13178> )
  ( <http://bio2rdf.org/hgnc:4682> <http://bio2rdf.org/geneid:2980> )
  ( <http://bio2rdf.org/hgnc:4682> <http://bio2rdf.org/geneid:14915> )
  ( <http://bio2rdf.org/hgnc:13974> <http://bio2rdf.org/geneid:7936> )
  ( <http://bio2rdf.org/hgnc:13974> <http://bio2rdf.org/geneid:27632> )
  ( <http://bio2rdf.org/hgnc:18668> <http://bio2rdf.org/geneid:51043> )
  ( <http://bio2rdf.org/hgnc:18668> <http://bio2rdf.org/geneid:22724> )
  ( UNDEF <http://bio2rdf.org/geneid:103964> )
  ( UNDEF <http://bio2rdf.org/geneid:22074> )
  ( UNDEF <http://bio2rdf.org/geneid:22073> )
  ( <http://bio2rdf.org/hgnc:9483> <http://bio2rdf.org/geneid:5645> )
  ( <http://bio2rdf.org/hgnc:9483> <http://bio2rdf.org/geneid:22072> )
  ( <http://bio2rdf.org/hgnc:9676> <http://bio2rdf.org/geneid:5798> )
  ( <http://bio2rdf.org/hgnc:9676> <http://bio2rdf.org/geneid:19275> )
  ( <http://bio2rdf.org/hgnc:7036> <http://bio2rdf.org/geneid:4240> )
  ( <http://bio2rdf.org/hgnc:7036> <http://bio2rdf.org/geneid:17304> )
  ( <http://bio2rdf.org/hgnc:4678> <http://bio2rdf.org/geneid:2978> )
  ( <http://bio2rdf.org/hgnc:4678> <http://bio2rdf.org/geneid:14913> )
  ( <http://bio2rdf.org/hgnc:4182> <http://bio2rdf.org/geneid:2633> )
  ( <http://bio2rdf.org/hgnc:4182> <http://bio2rdf.org/geneid:14469> )
  ( <http://bio2rdf.org/hgnc:13667> <http://bio2rdf.org/geneid:11767> )
  ( <http://bio2rdf.org/hgnc:13667> <http://bio2rdf.org/geneid:8907> )
  ( <http://bio2rdf.org/hgnc:10888> <http://bio2rdf.org/geneid:10736> )
  ( <http://bio2rdf.org/hgnc:10888> <http://bio2rdf.org/geneid:20472> )
  ( <http://bio2rdf.org/hgnc:11767> <http://bio2rdf.org/geneid:7041> )
  ( <http://bio2rdf.org/hgnc:11767> <http://bio2rdf.org/geneid:21804> )
  ( UNDEF <http://bio2rdf.org/geneid:20939> )
  ( <http://bio2rdf.org/hgnc:17056> <http://bio2rdf.org/geneid:22895> )
  ( <http://bio2rdf.org/hgnc:17056> <http://bio2rdf.org/geneid:19894> )
  ( <http://bio2rdf.org/hgnc:3972> <http://bio2rdf.org/geneid:11167> )
  ( <http://bio2rdf.org/hgnc:3972> <http://bio2rdf.org/geneid:14314> )
  ( <http://bio2rdf.org/hgnc:173> <http://bio2rdf.org/geneid:11480> )
  ( <http://bio2rdf.org/hgnc:173> <http://bio2rdf.org/geneid:92> )
  ( <http://bio2rdf.org/hgnc:10537> <http://bio2rdf.org/geneid:6301> )
  ( <http://bio2rdf.org/hgnc:10537> <http://bio2rdf.org/geneid:20226> )
  ( <http://bio2rdf.org/hgnc:6643> <http://bio2rdf.org/geneid:55885> )
  ( <http://bio2rdf.org/hgnc:6643> <http://bio2rdf.org/geneid:109593> )
  ( UNDEF <http://bio2rdf.org/geneid:16625> )
  ( <http://bio2rdf.org/hgnc:6371> <http://bio2rdf.org/geneid:3818> )
  ( <http://bio2rdf.org/hgnc:6371> <http://bio2rdf.org/geneid:16621> )
  ( <http://bio2rdf.org/hgnc:6107> <http://bio2rdf.org/geneid:3651> )
  ( <http://bio2rdf.org/hgnc:6107> <http://bio2rdf.org/geneid:18609> )
  ( <http://bio2rdf.org/hgnc:3326> <http://bio2rdf.org/geneid:2005> )
  ( <http://bio2rdf.org/hgnc:3326> <http://bio2rdf.org/geneid:100502885> )
  ( <http://bio2rdf.org/hgnc:238> <http://bio2rdf.org/geneid:113> )
  ( <http://bio2rdf.org/hgnc:238> <http://bio2rdf.org/geneid:11513> )
  ( <http://bio2rdf.org/hgnc:8569> <http://bio2rdf.org/geneid:5046> )
  ( <http://bio2rdf.org/hgnc:8569> <http://bio2rdf.org/geneid:18553> )
  ( <http://bio2rdf.org/hgnc:2856> <http://bio2rdf.org/geneid:1609> )
  ( <http://bio2rdf.org/hgnc:2856> <http://bio2rdf.org/geneid:110524> )
  ( UNDEF <http://bio2rdf.org/geneid:20888> )
  ( <http://bio2rdf.org/hgnc:32322> <http://bio2rdf.org/geneid:642658> )
  ( <http://bio2rdf.org/hgnc:32322> <http://bio2rdf.org/geneid:20289> )
  ( <http://bio2rdf.org/hgnc:9224> <http://bio2rdf.org/geneid:5463> )
  ( <http://bio2rdf.org/hgnc:9224> <http://bio2rdf.org/geneid:19009> )
  ( <http://bio2rdf.org/hgnc:2849> <http://bio2rdf.org/geneid:1606> )
  ( <http://bio2rdf.org/hgnc:2849> <http://bio2rdf.org/geneid:13139> )
  ( <http://bio2rdf.org/hgnc:12472> <http://bio2rdf.org/geneid:7319> )
  ( <http://bio2rdf.org/hgnc:12472> <http://bio2rdf.org/geneid:22209> )
  ( <http://bio2rdf.org/hgnc:6069> <http://bio2rdf.org/geneid:11185> )
  ( <http://bio2rdf.org/hgnc:6069> <http://bio2rdf.org/geneid:21743> )
  ( <http://bio2rdf.org/hgnc:24085> <http://bio2rdf.org/geneid:58477> )
  ( <http://bio2rdf.org/hgnc:24085> <http://bio2rdf.org/geneid:20818> )
  ( <http://bio2rdf.org/hgnc:10594> <http://bio2rdf.org/geneid:6332> )
  ( <http://bio2rdf.org/hgnc:10594> <http://bio2rdf.org/geneid:20272> )
  ( <http://bio2rdf.org/hgnc:9591> <http://bio2rdf.org/geneid:5729> )
  ( <http://bio2rdf.org/hgnc:9591> <http://bio2rdf.org/geneid:19214> )
  ( <http://bio2rdf.org/hgnc:7463> <http://bio2rdf.org/geneid:4543> )
  ( <http://bio2rdf.org/hgnc:7463> <http://bio2rdf.org/geneid:17773> )
  ( <http://bio2rdf.org/hgnc:20253> <http://bio2rdf.org/geneid:257144> )
  ( <http://bio2rdf.org/hgnc:20253> <http://bio2rdf.org/geneid:14525> )
  ( <http://bio2rdf.org/hgnc:19819> <http://bio2rdf.org/geneid:57669> )
  ( <http://bio2rdf.org/hgnc:19819> <http://bio2rdf.org/geneid:226352> )
  ( <http://bio2rdf.org/hgnc:13278> <http://bio2rdf.org/geneid:64097> )
  ( <http://bio2rdf.org/hgnc:13278> <http://bio2rdf.org/geneid:13824> )
  ( <http://bio2rdf.org/hgnc:3380> <http://bio2rdf.org/geneid:23136> )
  ( <http://bio2rdf.org/hgnc:3380> <http://bio2rdf.org/geneid:13823> )
  ( <http://bio2rdf.org/hgnc:3378> <http://bio2rdf.org/geneid:2036> )
  ( <http://bio2rdf.org/hgnc:3378> <http://bio2rdf.org/geneid:13821> )
  ( <http://bio2rdf.org/hgnc:1390> <http://bio2rdf.org/geneid:775> )
  ( <http://bio2rdf.org/hgnc:1390> <http://bio2rdf.org/geneid:12288> )
  ( <http://bio2rdf.org/hgnc:5977> <http://bio2rdf.org/geneid:3600> )
  ( <http://bio2rdf.org/hgnc:5977> <http://bio2rdf.org/geneid:16168> )
  ( <http://bio2rdf.org/hgnc:9281> <http://bio2rdf.org/geneid:5499> )
  ( <http://bio2rdf.org/hgnc:9281> <http://bio2rdf.org/geneid:19045> )
  ( <http://bio2rdf.org/hgnc:3621> <http://bio2rdf.org/geneid:2217> )
  ( <http://bio2rdf.org/hgnc:3621> <http://bio2rdf.org/geneid:14132> )
  ( <http://bio2rdf.org/hgnc:11495> <http://bio2rdf.org/geneid:6854> )
  ( <http://bio2rdf.org/hgnc:11495> <http://bio2rdf.org/geneid:20965> )
  ( <http://bio2rdf.org/hgnc:9948> <http://bio2rdf.org/geneid:5965> )
  ( <http://bio2rdf.org/hgnc:9948> <http://bio2rdf.org/geneid:19691> )
  ( <http://bio2rdf.org/hgnc:7504> <http://bio2rdf.org/geneid:4580> )
  ( <http://bio2rdf.org/hgnc:7504> <http://bio2rdf.org/geneid:17827> )
  ( <http://bio2rdf.org/hgnc:11569> <http://bio2rdf.org/geneid:6895> )
  ( <http://bio2rdf.org/hgnc:11569> <http://bio2rdf.org/geneid:21357> )
  ( UNDEF <http://bio2rdf.org/geneid:17243> )
  ( <http://bio2rdf.org/hgnc:10575> <http://bio2rdf.org/geneid:7857> )
  ( <http://bio2rdf.org/hgnc:10575> <http://bio2rdf.org/geneid:20254> )
  ( <http://bio2rdf.org/hgnc:11368> <http://bio2rdf.org/geneid:6778> )
  ( <http://bio2rdf.org/hgnc:11368> <http://bio2rdf.org/geneid:20852> )
  ( <http://bio2rdf.org/hgnc:11367> <http://bio2rdf.org/geneid:6777> )
  ( <http://bio2rdf.org/hgnc:11367> <http://bio2rdf.org/geneid:20851> )
  ( <http://bio2rdf.org/hgnc:11366> <http://bio2rdf.org/geneid:6776> )
  ( <http://bio2rdf.org/hgnc:11366> <http://bio2rdf.org/geneid:20850> )
  ( <http://bio2rdf.org/hgnc:11364> <http://bio2rdf.org/geneid:6774> )
  ( <http://bio2rdf.org/hgnc:11364> <http://bio2rdf.org/geneid:20848> )
  ( <http://bio2rdf.org/hgnc:10464> <http://bio2rdf.org/geneid:6251> )
  ( <http://bio2rdf.org/hgnc:10464> <http://bio2rdf.org/geneid:20163> )
  ( <http://bio2rdf.org/hgnc:3153> <http://bio2rdf.org/geneid:1893> )
  ( <http://bio2rdf.org/hgnc:3153> <http://bio2rdf.org/geneid:13601> )
  ( <http://bio2rdf.org/hgnc:11365> <http://bio2rdf.org/geneid:6775> )
  ( <http://bio2rdf.org/hgnc:11365> <http://bio2rdf.org/geneid:20849> )
  ( <http://bio2rdf.org/hgnc:11362> <http://bio2rdf.org/geneid:6772> )
  ( <http://bio2rdf.org/hgnc:11362> <http://bio2rdf.org/geneid:20846> )
  ( <http://bio2rdf.org/hgnc:2745> <http://bio2rdf.org/geneid:1654> )
  ( <http://bio2rdf.org/hgnc:2745> <http://bio2rdf.org/geneid:13205> )
  ( <http://bio2rdf.org/hgnc:886> <http://bio2rdf.org/geneid:546> )
  ( <http://bio2rdf.org/hgnc:886> <http://bio2rdf.org/geneid:22589> )
  ( <http://bio2rdf.org/hgnc:9854> <http://bio2rdf.org/geneid:5905> )
  ( <http://bio2rdf.org/hgnc:9854> <http://bio2rdf.org/geneid:19387> )
  ( <http://bio2rdf.org/hgnc:13200> <http://bio2rdf.org/geneid:7791> )
  ( <http://bio2rdf.org/hgnc:13200> <http://bio2rdf.org/geneid:22793> )
  ( <http://bio2rdf.org/hgnc:13187> <http://bio2rdf.org/geneid:22917> )
  ( <http://bio2rdf.org/hgnc:13187> <http://bio2rdf.org/geneid:22786> )
  ( <http://bio2rdf.org/hgnc:12679> <http://bio2rdf.org/geneid:7421> )
  ( <http://bio2rdf.org/hgnc:12679> <http://bio2rdf.org/geneid:22337> )
  ( <http://bio2rdf.org/hgnc:11438> <http://bio2rdf.org/geneid:6809> )
  ( <http://bio2rdf.org/hgnc:11438> <http://bio2rdf.org/geneid:20908> )
  ( <http://bio2rdf.org/hgnc:19988> <http://bio2rdf.org/geneid:64682> )
  ( <http://bio2rdf.org/hgnc:19988> <http://bio2rdf.org/geneid:17222> )
  ( <http://bio2rdf.org/hgnc:29602> <http://bio2rdf.org/geneid:10630> )
  ( <http://bio2rdf.org/hgnc:29602> <http://bio2rdf.org/geneid:14726> )
  ( <http://bio2rdf.org/hgnc:2277> <http://bio2rdf.org/geneid:1337> )
  ( <http://bio2rdf.org/hgnc:2277> <http://bio2rdf.org/geneid:12861> )
  ( <http://bio2rdf.org/hgnc:1381> <http://bio2rdf.org/geneid:766> )
  ( <http://bio2rdf.org/hgnc:1381> <http://bio2rdf.org/geneid:12354> )
  ( <http://bio2rdf.org/hgnc:3528> <http://bio2rdf.org/geneid:2159> )
  ( <http://bio2rdf.org/hgnc:3528> <http://bio2rdf.org/geneid:14058> )
  ( UNDEF <http://bio2rdf.org/geneid:100418400> )
  ( UNDEF <http://bio2rdf.org/geneid:18473> )
  ( <http://bio2rdf.org/hgnc:2961> <http://bio2rdf.org/geneid:1778> )
  ( <http://bio2rdf.org/hgnc:2961> <http://bio2rdf.org/geneid:13424> )
  ( <http://bio2rdf.org/hgnc:12513> <http://bio2rdf.org/geneid:7345> )
  ( <http://bio2rdf.org/hgnc:12513> <http://bio2rdf.org/geneid:22223> )
  ( <http://bio2rdf.org/hgnc:10910> <http://bio2rdf.org/geneid:6557> )
  ( <http://bio2rdf.org/hgnc:10910> <http://bio2rdf.org/geneid:20495> )
  ( <http://bio2rdf.org/hgnc:2956> <http://bio2rdf.org/geneid:1773> )
  ( <http://bio2rdf.org/hgnc:2956> <http://bio2rdf.org/geneid:13419> )
  ( <http://bio2rdf.org/hgnc:1984> <http://bio2rdf.org/geneid:1154> )
  ( <http://bio2rdf.org/hgnc:1984> <http://bio2rdf.org/geneid:12700> )
  ( <http://bio2rdf.org/hgnc:910> <http://bio2rdf.org/geneid:563> )
  ( <http://bio2rdf.org/hgnc:910> <http://bio2rdf.org/geneid:12007> )
  ( <http://bio2rdf.org/hgnc:4237> <http://bio2rdf.org/geneid:2672> )
  ( <http://bio2rdf.org/hgnc:4237> <http://bio2rdf.org/geneid:14581> )
  ( <http://bio2rdf.org/hgnc:11628> <http://bio2rdf.org/geneid:6940> )
  ( <http://bio2rdf.org/hgnc:11628> <http://bio2rdf.org/geneid:21408> )
  ( <http://bio2rdf.org/hgnc:7225> <http://bio2rdf.org/geneid:4359> )
  ( <http://bio2rdf.org/hgnc:7225> <http://bio2rdf.org/geneid:17528> )
  ( <http://bio2rdf.org/hgnc:11181> <http://bio2rdf.org/geneid:6649> )
  ( <http://bio2rdf.org/hgnc:11181> <http://bio2rdf.org/geneid:20657> )
  ( <http://bio2rdf.org/hgnc:2874> <http://bio2rdf.org/geneid:1728> )
  ( <http://bio2rdf.org/hgnc:2874> <http://bio2rdf.org/geneid:18104> )
  ( <http://bio2rdf.org/hgnc:7511> <http://bio2rdf.org/geneid:56667> )
  ( <http://bio2rdf.org/hgnc:7511> <http://bio2rdf.org/geneid:17063> )
  ( <http://bio2rdf.org/hgnc:6948> <http://bio2rdf.org/geneid:4174> )
  ( <http://bio2rdf.org/hgnc:6948> <http://bio2rdf.org/geneid:17218> )
  ( <http://bio2rdf.org/hgnc:1725> <http://bio2rdf.org/geneid:993> )
  ( <http://bio2rdf.org/hgnc:1725> <http://bio2rdf.org/geneid:12530> )
  ( UNDEF <http://bio2rdf.org/geneid:16343> )
  ( <http://bio2rdf.org/hgnc:33904> <http://bio2rdf.org/geneid:730249> )
  ( <http://bio2rdf.org/hgnc:33904> <http://bio2rdf.org/geneid:16365> )
  ( <http://bio2rdf.org/hgnc:10929> <http://bio2rdf.org/geneid:6568> )
  ( <http://bio2rdf.org/hgnc:10929> <http://bio2rdf.org/geneid:20504> )
  ( UNDEF <http://bio2rdf.org/geneid:null> )
  ( UNDEF <http://bio2rdf.org/geneid:16344> )
  ( <http://bio2rdf.org/hgnc:3036> <http://bio2rdf.org/geneid:1824> )
  ( <http://bio2rdf.org/hgnc:3036> <http://bio2rdf.org/geneid:13506> )
  ( <http://bio2rdf.org/hgnc:12930> <http://bio2rdf.org/geneid:7704> )
  ( <http://bio2rdf.org/hgnc:12930> <http://bio2rdf.org/geneid:235320> )
  ( <http://bio2rdf.org/hgnc:2644> <http://bio2rdf.org/geneid:1580> )
  ( <http://bio2rdf.org/hgnc:2644> <http://bio2rdf.org/geneid:13120> )
  ( <http://bio2rdf.org/hgnc:4564> <http://bio2rdf.org/geneid:2887> )
  ( <http://bio2rdf.org/hgnc:4564> <http://bio2rdf.org/geneid:14783> )
  ( <http://bio2rdf.org/hgnc:4868> <http://bio2rdf.org/geneid:8924> )
  ( <http://bio2rdf.org/hgnc:4868> <http://bio2rdf.org/geneid:15204> )
  ( <http://bio2rdf.org/hgnc:11088> <http://bio2rdf.org/geneid:9748> )
  ( <http://bio2rdf.org/hgnc:11088> <http://bio2rdf.org/geneid:20874> )
  ( <http://bio2rdf.org/hgnc:10297> <http://bio2rdf.org/geneid:22934> )
  ( <http://bio2rdf.org/hgnc:10297> <http://bio2rdf.org/geneid:19895> )
  ( <http://bio2rdf.org/hgnc:6077> <http://bio2rdf.org/geneid:3633> )
  ( <http://bio2rdf.org/hgnc:6077> <http://bio2rdf.org/geneid:16330> )
  ( UNDEF <http://bio2rdf.org/geneid:null> )
  ( <http://bio2rdf.org/hgnc:682> <http://bio2rdf.org/geneid:100503065> )
  ( <http://bio2rdf.org/hgnc:682> <http://bio2rdf.org/geneid:9181> )
  ( <http://bio2rdf.org/hgnc:3288> <http://bio2rdf.org/geneid:1978> )
  ( <http://bio2rdf.org/hgnc:3288> <http://bio2rdf.org/geneid:13685> )
  ( <http://bio2rdf.org/hgnc:20090> <http://bio2rdf.org/geneid:64215> )
  ( <http://bio2rdf.org/hgnc:20090> <http://bio2rdf.org/geneid:100504126> )
  ( <http://bio2rdf.org/hgnc:853> <http://bio2rdf.org/geneid:525> )
  ( <http://bio2rdf.org/hgnc:853> <http://bio2rdf.org/geneid:110935> )
  ( <http://bio2rdf.org/hgnc:23019> <http://bio2rdf.org/geneid:8233> )
  ( <http://bio2rdf.org/hgnc:23019> <http://bio2rdf.org/geneid:22184> )
  ( <http://bio2rdf.org/hgnc:19982> <http://bio2rdf.org/geneid:401409> )
  ( <http://bio2rdf.org/hgnc:19982> <http://bio2rdf.org/geneid:19331> )
  ( <http://bio2rdf.org/hgnc:9646> <http://bio2rdf.org/geneid:5783> )
  ( <http://bio2rdf.org/hgnc:9646> <http://bio2rdf.org/geneid:19249> )
  ( <http://bio2rdf.org/hgnc:870> <http://bio2rdf.org/geneid:540> )
  ( <http://bio2rdf.org/hgnc:870> <http://bio2rdf.org/geneid:11979> )
  ( <http://bio2rdf.org/hgnc:604> <http://bio2rdf.org/geneid:339> )
  ( <http://bio2rdf.org/hgnc:604> <http://bio2rdf.org/geneid:11810> )
  ( <http://bio2rdf.org/hgnc:9893> <http://bio2rdf.org/geneid:5933> )
  ( <http://bio2rdf.org/hgnc:9893> <http://bio2rdf.org/geneid:19650> )
  ( <http://bio2rdf.org/hgnc:11805> <http://bio2rdf.org/geneid:7074> )
  ( <http://bio2rdf.org/hgnc:11805> <http://bio2rdf.org/geneid:21844> )
  ( <http://bio2rdf.org/hgnc:1403> <http://bio2rdf.org/geneid:784> )
  ( <http://bio2rdf.org/hgnc:1403> <http://bio2rdf.org/geneid:12297> )
  ( <http://bio2rdf.org/hgnc:9674> <http://bio2rdf.org/geneid:5796> )
  ( <http://bio2rdf.org/hgnc:9674> <http://bio2rdf.org/geneid:19272> )
  ( <http://bio2rdf.org/hgnc:2021> <http://bio2rdf.org/geneid:1182> )
  ( <http://bio2rdf.org/hgnc:2021> <http://bio2rdf.org/geneid:12725> )
  ( <http://bio2rdf.org/hgnc:12816> <http://bio2rdf.org/geneid:7508> )
  ( <http://bio2rdf.org/hgnc:12816> <http://bio2rdf.org/geneid:22591> )
  ( <http://bio2rdf.org/hgnc:11194> <http://bio2rdf.org/geneid:54345> )
  ( <http://bio2rdf.org/hgnc:11194> <http://bio2rdf.org/geneid:20672> )
  ( <http://bio2rdf.org/hgnc:6394> <http://bio2rdf.org/geneid:3836> )
  ( <http://bio2rdf.org/hgnc:6394> <http://bio2rdf.org/geneid:16646> )
  ( <http://bio2rdf.org/hgnc:6395> <http://bio2rdf.org/geneid:3838> )
  ( <http://bio2rdf.org/hgnc:6395> <http://bio2rdf.org/geneid:16647> )
  ( <http://bio2rdf.org/hgnc:5208> <http://bio2rdf.org/geneid:3290> )
  ( <http://bio2rdf.org/hgnc:5208> <http://bio2rdf.org/geneid:15483> )
  ( <http://bio2rdf.org/hgnc:1060> <http://bio2rdf.org/geneid:643> )
  ( <http://bio2rdf.org/hgnc:1060> <http://bio2rdf.org/geneid:12145> )
  ( <http://bio2rdf.org/hgnc:10610> <http://bio2rdf.org/geneid:6356> )
  ( <http://bio2rdf.org/hgnc:10610> <http://bio2rdf.org/geneid:20292> )
  ( <http://bio2rdf.org/hgnc:7525> <http://bio2rdf.org/geneid:4593> )
  ( <http://bio2rdf.org/hgnc:7525> <http://bio2rdf.org/geneid:18198> )
  ( <http://bio2rdf.org/hgnc:3437> <http://bio2rdf.org/geneid:2073> )
  ( <http://bio2rdf.org/hgnc:3437> <http://bio2rdf.org/geneid:22592> )
  ( <http://bio2rdf.org/hgnc:9122> <http://bio2rdf.org/geneid:5395> )
  ( <http://bio2rdf.org/hgnc:9122> <http://bio2rdf.org/geneid:18861> )
  ( UNDEF <http://bio2rdf.org/geneid:null> )
  ( UNDEF <http://bio2rdf.org/geneid:null> )
  ( UNDEF <http://bio2rdf.org/geneid:null> )
  ( UNDEF <http://bio2rdf.org/geneid:null> )
  ( UNDEF <http://bio2rdf.org/geneid:null> )
  ( <http://bio2rdf.org/hgnc:7887> <http://bio2rdf.org/geneid:4858> )
  ( <http://bio2rdf.org/hgnc:7887> <http://bio2rdf.org/geneid:384569> )
  ( <http://bio2rdf.org/hgnc:7886> <http://bio2rdf.org/geneid:4857> )
  ( <http://bio2rdf.org/hgnc:7886> <http://bio2rdf.org/geneid:664883> )
  ( <http://bio2rdf.org/hgnc:20561> <http://bio2rdf.org/geneid:64285> )
  ( <http://bio2rdf.org/hgnc:20561> <http://bio2rdf.org/geneid:13650> )
  ( UNDEF <http://bio2rdf.org/geneid:null> )
  ( <http://bio2rdf.org/hgnc:2395> <http://bio2rdf.org/geneid:1412> )
  ( <http://bio2rdf.org/hgnc:2395> <http://bio2rdf.org/geneid:12958> )
  ( UNDEF <http://bio2rdf.org/geneid:null> )
  ( <http://bio2rdf.org/hgnc:7606> <http://bio2rdf.org/geneid:4647> )
  ( <http://bio2rdf.org/hgnc:7606> <http://bio2rdf.org/geneid:17921> )
  ( <http://bio2rdf.org/hgnc:11918> <http://bio2rdf.org/geneid:7293> )
  ( <http://bio2rdf.org/hgnc:11918> <http://bio2rdf.org/geneid:22163> )
  ( <http://bio2rdf.org/hgnc:7856> <http://bio2rdf.org/geneid:4835> )
  ( <http://bio2rdf.org/hgnc:7856> <http://bio2rdf.org/geneid:18105> )
  ( <http://bio2rdf.org/hgnc:21650> <http://bio2rdf.org/geneid:353500> )
  ( <http://bio2rdf.org/hgnc:21650> <http://bio2rdf.org/geneid:12163> )
  ( <http://bio2rdf.org/hgnc:12833> <http://bio2rdf.org/geneid:7520> )
  ( <http://bio2rdf.org/hgnc:12833> <http://bio2rdf.org/geneid:22596> )
  ( <http://bio2rdf.org/hgnc:2172> <http://bio2rdf.org/geneid:6900> )
  ( <http://bio2rdf.org/hgnc:2172> <http://bio2rdf.org/geneid:21367> )
  ( UNDEF <http://bio2rdf.org/geneid:18689> )
  ( UNDEF <http://bio2rdf.org/geneid:null> )
  ( <http://bio2rdf.org/hgnc:1436> <http://bio2rdf.org/geneid:795> )
  ( <http://bio2rdf.org/hgnc:1436> <http://bio2rdf.org/geneid:12309> )
  ( <http://bio2rdf.org/hgnc:1100> <http://bio2rdf.org/geneid:672> )
  ( <http://bio2rdf.org/hgnc:1100> <http://bio2rdf.org/geneid:12189> )
  ( <http://bio2rdf.org/hgnc:11891> <http://bio2rdf.org/geneid:7123> )
  ( <http://bio2rdf.org/hgnc:11891> <http://bio2rdf.org/geneid:21922> )
  ( <http://bio2rdf.org/hgnc:4189> <http://bio2rdf.org/geneid:2639> )
  ( <http://bio2rdf.org/hgnc:4189> <http://bio2rdf.org/geneid:270076> )
  ( <http://bio2rdf.org/hgnc:7105> <http://bio2rdf.org/geneid:4286> )
  ( <http://bio2rdf.org/hgnc:7105> <http://bio2rdf.org/geneid:17342> )
  ( <http://bio2rdf.org/hgnc:6408> <http://bio2rdf.org/geneid:9935> )
  ( <http://bio2rdf.org/hgnc:6408> <http://bio2rdf.org/geneid:16658> )
  ( <http://bio2rdf.org/hgnc:10432> <http://bio2rdf.org/geneid:6197> )
  ( <http://bio2rdf.org/hgnc:10432> <http://bio2rdf.org/geneid:110651> )
  ( <http://bio2rdf.org/hgnc:10430> <http://bio2rdf.org/geneid:6195> )
  ( <http://bio2rdf.org/hgnc:10430> <http://bio2rdf.org/geneid:20111> )
  ( <http://bio2rdf.org/hgnc:9934> <http://bio2rdf.org/geneid:5954> )
  ( <http://bio2rdf.org/hgnc:9934> <http://bio2rdf.org/geneid:19672> )
  ( <http://bio2rdf.org/hgnc:8016> <http://bio2rdf.org/geneid:4905> )
  ( <http://bio2rdf.org/hgnc:8016> <http://bio2rdf.org/geneid:18195> )
  ( <http://bio2rdf.org/hgnc:15751> <http://bio2rdf.org/geneid:63908> )
  ( <http://bio2rdf.org/hgnc:15751> <http://bio2rdf.org/geneid:17957> )
  ( <http://bio2rdf.org/hgnc:7641> <http://bio2rdf.org/geneid:8775> )
  ( <http://bio2rdf.org/hgnc:7641> <http://bio2rdf.org/geneid:108124> )
  ( <http://bio2rdf.org/hgnc:1785> <http://bio2rdf.org/geneid:1027> )
  ( <http://bio2rdf.org/hgnc:1785> <http://bio2rdf.org/geneid:12576> )
  ( <http://bio2rdf.org/hgnc:4844> <http://bio2rdf.org/geneid:3059> )
  ( <http://bio2rdf.org/hgnc:4844> <http://bio2rdf.org/geneid:15163> )
  ( <http://bio2rdf.org/hgnc:2022> <http://bio2rdf.org/geneid:1183> )
  ( <http://bio2rdf.org/hgnc:2022> <http://bio2rdf.org/geneid:12727> )
  ( <http://bio2rdf.org/hgnc:6613> <http://bio2rdf.org/geneid:3984> )
  ( <http://bio2rdf.org/hgnc:6613> <http://bio2rdf.org/geneid:16885> )
  ( <http://bio2rdf.org/hgnc:9673> <http://bio2rdf.org/geneid:5795> )
  ( <http://bio2rdf.org/hgnc:9673> <http://bio2rdf.org/geneid:19271> )
  ( <http://bio2rdf.org/hgnc:5971> <http://bio2rdf.org/geneid:3594> )
  ( <http://bio2rdf.org/hgnc:5971> <http://bio2rdf.org/geneid:16161> )
  ( <http://bio2rdf.org/hgnc:4568> <http://bio2rdf.org/geneid:2889> )
  ( <http://bio2rdf.org/hgnc:4568> <http://bio2rdf.org/geneid:107746> )
  ( <http://bio2rdf.org/hgnc:20731> <http://bio2rdf.org/geneid:59345> )
  ( <http://bio2rdf.org/hgnc:20731> <http://bio2rdf.org/geneid:14696> )
  ( <http://bio2rdf.org/hgnc:24634> <http://bio2rdf.org/geneid:58513> )
  ( <http://bio2rdf.org/hgnc:24634> <http://bio2rdf.org/geneid:13859> )
  ( <http://bio2rdf.org/hgnc:3419> <http://bio2rdf.org/geneid:2060> )
  ( <http://bio2rdf.org/hgnc:3419> <http://bio2rdf.org/geneid:13858> )
  ( <http://bio2rdf.org/hgnc:17940> <http://bio2rdf.org/geneid:50804> )
  ( <http://bio2rdf.org/hgnc:17940> <http://bio2rdf.org/geneid:17876> )
  ( <http://bio2rdf.org/hgnc:10645> <http://bio2rdf.org/geneid:6375> )
  ( <http://bio2rdf.org/hgnc:10645> <http://bio2rdf.org/geneid:16963> )
  ( UNDEF <http://bio2rdf.org/geneid:19847> )
  ( UNDEF <http://bio2rdf.org/geneid:19428> )
  ( <http://bio2rdf.org/hgnc:28870> <http://bio2rdf.org/geneid:29969> )
  ( <http://bio2rdf.org/hgnc:28870> <http://bio2rdf.org/geneid:16543> )
  ( <http://bio2rdf.org/hgnc:1602> <http://bio2rdf.org/geneid:1230> )
  ( <http://bio2rdf.org/hgnc:1602> <http://bio2rdf.org/geneid:12768> )
  ( <http://bio2rdf.org/hgnc:1494> <http://bio2rdf.org/geneid:8092> )
  ( <http://bio2rdf.org/hgnc:1494> <http://bio2rdf.org/geneid:216285> )
  ( UNDEF <http://bio2rdf.org/geneid:14322> )
  ( <http://bio2rdf.org/hgnc:1090> <http://bio2rdf.org/geneid:667> )
  ( <http://bio2rdf.org/hgnc:1090> <http://bio2rdf.org/geneid:13518> )
  ( <http://bio2rdf.org/hgnc:12729> <http://bio2rdf.org/geneid:7453> )
  ( <http://bio2rdf.org/hgnc:12729> <http://bio2rdf.org/geneid:22375> )
  ( <http://bio2rdf.org/hgnc:11840> <http://bio2rdf.org/geneid:7091> )
  ( <http://bio2rdf.org/hgnc:11840> <http://bio2rdf.org/geneid:21888> )
  ( <http://bio2rdf.org/hgnc:11839> <http://bio2rdf.org/geneid:7090> )
  ( <http://bio2rdf.org/hgnc:11839> <http://bio2rdf.org/geneid:21887> )
  ( <http://bio2rdf.org/hgnc:11774> <http://bio2rdf.org/geneid:7049> )
  ( <http://bio2rdf.org/hgnc:11774> <http://bio2rdf.org/geneid:21814> )
  ( <http://bio2rdf.org/hgnc:16523> <http://bio2rdf.org/geneid:64284> )
  ( <http://bio2rdf.org/hgnc:16523> <http://bio2rdf.org/geneid:19329> )
  ( <http://bio2rdf.org/hgnc:5978> <http://bio2rdf.org/geneid:3601> )
  ( <http://bio2rdf.org/hgnc:5978> <http://bio2rdf.org/geneid:16169> )
  ( UNDEF <http://bio2rdf.org/geneid:15496> )
  ( UNDEF <http://bio2rdf.org/geneid:14346> )
  ( <http://bio2rdf.org/hgnc:20442> <http://bio2rdf.org/geneid:64319> )
  ( <http://bio2rdf.org/hgnc:20442> <http://bio2rdf.org/geneid:14123> )
  ( <http://bio2rdf.org/hgnc:2279> <http://bio2rdf.org/geneid:1339> )
  ( <http://bio2rdf.org/hgnc:2279> <http://bio2rdf.org/geneid:12862> )
  ( <http://bio2rdf.org/hgnc:6210> <http://bio2rdf.org/geneid:3732> )
  ( <http://bio2rdf.org/hgnc:6210> <http://bio2rdf.org/geneid:12521> )
  ( <http://bio2rdf.org/hgnc:797> <http://bio2rdf.org/geneid:474> )
  ( <http://bio2rdf.org/hgnc:797> <http://bio2rdf.org/geneid:11921> )
  ( <http://bio2rdf.org/hgnc:452> <http://bio2rdf.org/geneid:258> )
  ( <http://bio2rdf.org/hgnc:452> <http://bio2rdf.org/geneid:11698> )
  ( <http://bio2rdf.org/hgnc:2908> <http://bio2rdf.org/geneid:28514> )
  ( <http://bio2rdf.org/hgnc:2908> <http://bio2rdf.org/geneid:13388> )
  ( <http://bio2rdf.org/hgnc:10258> <http://bio2rdf.org/geneid:6095> )
  ( <http://bio2rdf.org/hgnc:10258> <http://bio2rdf.org/geneid:19883> )
  ( <http://bio2rdf.org/hgnc:6553> <http://bio2rdf.org/geneid:3952> )
  ( <http://bio2rdf.org/hgnc:6553> <http://bio2rdf.org/geneid:16846> )
  ( <http://bio2rdf.org/hgnc:5012> <http://bio2rdf.org/geneid:3161> )
  ( <http://bio2rdf.org/hgnc:5012> <http://bio2rdf.org/geneid:15366> )
  ( <http://bio2rdf.org/hgnc:6824> <http://bio2rdf.org/geneid:4124> )
  ( <http://bio2rdf.org/hgnc:6824> <http://bio2rdf.org/geneid:17158> )
  ( <http://bio2rdf.org/hgnc:3721> <http://bio2rdf.org/geneid:2289> )
  ( <http://bio2rdf.org/hgnc:3721> <http://bio2rdf.org/geneid:14229> )
  ( <http://bio2rdf.org/hgnc:11742> <http://bio2rdf.org/geneid:7020> )
  ( <http://bio2rdf.org/hgnc:11742> <http://bio2rdf.org/geneid:21418> )
  ( <http://bio2rdf.org/hgnc:11743> <http://bio2rdf.org/geneid:7021> )
  ( <http://bio2rdf.org/hgnc:11743> <http://bio2rdf.org/geneid:21419> )
  ( <http://bio2rdf.org/hgnc:6821> <http://bio2rdf.org/geneid:4121> )
  ( <http://bio2rdf.org/hgnc:6821> <http://bio2rdf.org/geneid:17155> )
  ( <http://bio2rdf.org/hgnc:11853> <http://bio2rdf.org/geneid:4071> )
  ( <http://bio2rdf.org/hgnc:11853> <http://bio2rdf.org/geneid:17112> )
  ( <http://bio2rdf.org/hgnc:5269> <http://bio2rdf.org/geneid:3336> )
  ( <http://bio2rdf.org/hgnc:5269> <http://bio2rdf.org/geneid:15528> )
  ( <http://bio2rdf.org/hgnc:4897> <http://bio2rdf.org/geneid:9146> )
  ( <http://bio2rdf.org/hgnc:4897> <http://bio2rdf.org/geneid:15239> )
  ( <http://bio2rdf.org/hgnc:3782> <http://bio2rdf.org/geneid:2339> )
  ( <http://bio2rdf.org/hgnc:3782> <http://bio2rdf.org/geneid:14272> )
  ( <http://bio2rdf.org/hgnc:2206> <http://bio2rdf.org/geneid:1286> )
  ( <http://bio2rdf.org/hgnc:2206> <http://bio2rdf.org/geneid:12829> )
  ( <http://bio2rdf.org/hgnc:8655> <http://bio2rdf.org/geneid:5097> )
  ( <http://bio2rdf.org/hgnc:8655> <http://bio2rdf.org/geneid:75599> )
  ( <http://bio2rdf.org/hgnc:7515> <http://bio2rdf.org/geneid:4586> )
  ( <http://bio2rdf.org/hgnc:7515> <http://bio2rdf.org/geneid:17833> )
  ( <http://bio2rdf.org/hgnc:1616> <http://bio2rdf.org/geneid:7203> )
  ( <http://bio2rdf.org/hgnc:1616> <http://bio2rdf.org/geneid:12462> )
  ( UNDEF <http://bio2rdf.org/geneid:233670> )
  ( <http://bio2rdf.org/hgnc:8241> <http://bio2rdf.org/geneid:26212> )
  ( <http://bio2rdf.org/hgnc:8241> <http://bio2rdf.org/geneid:218066> )
}

Running batch with 750
