=======[START] ([-e, http://localhost:8080/rdf4j-server/repositories/mgi, -q, /Users/cbuil/Proyectos/sparql_fed_prob/svn_wu/sparql_fed_prob/src/benchmark/resources/queries/bio/carlos_join1.rq, -j, SYMHASHP, -o, bench.bio.results, -b, 250])
 Joins [SYMHASHP]
250
250
______
Parsing Query
______
SELECT  *
WHERE
  { SERVICE <http://localhost:8080/rdf4j-server/repositories/mgi>
      { <http://bio2rdf.org/mgi:1915545>
                  ?p  ?join
      }
    SERVICE <http://localhost:8080/rdf4j-server/repositories/hgnc>
      { ?join  <http://bio2rdf.org/hgnc_vocabulary:status>  "Approved" }
  }

SplitQuery:
___
P1 (EP: http://localhost:8080/rdf4j-server/repositories/mgi)
{ <http://bio2rdf.org/mgi:1915545>
            ?p  ?join
}
P2 (EP: http://localhost:8080/rdf4j-server/repositories/hgnc
{ ?join  <http://bio2rdf.org/hgnc_vocabulary:status>  "Approved" })
___
RUNNING SYMHASHP for /Users/cbuil/Proyectos/sparql_fed_prob/svn_wu/sparql_fed_prob/src/benchmark/resources/queries/bio/carlos_join1.rq
Symhash with page of 250 round 0
Done true


























































































































































































































































Symhash with page of 250 round 1
Symhash with page of 250 round 2
Symhash with page of 250 round 3
Symhash with page of 250 round 4
Symhash with page of 250 round 5
Symhash with page of 250 round 6
Symhash with page of 250 round 7
Symhash with page of 250 round 8


























































































































































































































































Symhash with page of 250 round 9
Symhash with page of 250 round 10
Symhash with page of 250 round 11
Symhash with page of 250 round 12
Symhash with page of 250 round 13
Symhash with page of 250 round 14
Symhash with page of 250 round 15
Symhash with page of 250 round 16


























































































































































































































































Symhash with page of 250 round 17
Symhash with page of 250 round 18
Symhash with page of 250 round 19
Symhash with page of 250 round 20
Symhash with page of 250 round 21
Symhash with page of 250 round 22
Symhash with page of 250 round 23
Symhash with page of 250 round 24


























































































































































































































































Symhash with page of 250 round 25
Symhash with page of 250 round 26
Symhash with page of 250 round 27
Symhash with page of 250 round 28
Symhash with page of 250 round 29
Symhash with page of 250 round 30
Symhash with page of 250 round 31
Symhash with page of 250 round 32


























































































































































































































































Symhash with page of 250 round 33
Symhash with page of 250 round 34
Symhash with page of 250 round 35
Symhash with page of 250 round 36
Symhash with page of 250 round 37
Symhash with page of 250 round 38
Symhash with page of 250 round 39
Symhash with page of 250 round 40


























































































































































































































































Symhash with page of 250 round 41
Symhash with page of 250 round 42
Symhash with page of 250 round 43
Symhash with page of 250 round 44
Symhash with page of 250 round 45
Symhash with page of 250 round 46
Symhash with page of 250 round 47
Symhash with page of 250 round 48


























































































































































































































































Symhash with page of 250 round 49
Symhash with page of 250 round 50
Symhash with page of 250 round 51
Symhash with page of 250 round 52
Symhash with page of 250 round 53
Symhash with page of 250 round 54
Symhash with page of 250 round 55
Symhash with page of 250 round 56


























































































































































































































































Symhash with page of 250 round 57
Symhash with page of 250 round 58
Symhash with page of 250 round 59
Symhash with page of 250 round 60
Symhash with page of 250 round 61
Symhash with page of 250 round 62
Symhash with page of 250 round 63
Symhash with page of 250 round 64


























































































































































































































































Symhash with page of 250 round 65
Symhash with page of 250 round 66
Symhash with page of 250 round 67
Symhash with page of 250 round 68
Symhash with page of 250 round 69
Symhash with page of 250 round 70
Symhash with page of 250 round 71
Symhash with page of 250 round 72


























































































































































































































































Symhash with page of 250 round 73
Symhash with page of 250 round 74
Symhash with page of 250 round 75
Symhash with page of 250 round 76
Symhash with page of 250 round 77
Symhash with page of 250 round 78
Symhash with page of 250 round 79
Symhash with page of 250 round 80
