=======[START] ([-e, http://localhost:8080/rdf4j-server/repositories/mgi, -q, /Users/cbuil/Proyectos/sparql_fed_prob/svn_wu/sparql_fed_prob/src/benchmark/resources/queries/bio/carlos_join5.rq, -j, SYMHASHP, -o, bench.bio.results, -b, 500])
 Joins [SYMHASHP]
500
500
______
Parsing Query
______
PREFIX  xsd:  <http://www.w3.org/2001/XMLSchema#>
PREFIX  rdf:  <http://www.w3.org/1999/02/22-rdf-syntax-ns#>

SELECT  *
WHERE
  { SERVICE <http://localhost:8080/rdf4j-server/repositories/mgi>
      { ?mgi  rdf:type              ?type ;
              <http://bio2rdf.org/mgi_vocabulary:chromosomePosition>  ?o ;
              <http://bio2rdf.org/mgi_vocabulary:xHGNC>  ?link_hgnc
        FILTER ( ?o < str(80) )
      }
    SERVICE <http://localhost:8080/rdf4j-server/repositories/hgnc>
      {   { ?res1  <http://bio2rdf.org/hgnc_vocabulary:status>  "Symbol Withdrawn" ;
                   <http://bio2rdf.org/hgnc_vocabulary:date_modified>  ?date1
            FILTER ( ?date1 < "1995-01-01"^^xsd:date )
          }
        UNION
          { ?link_hgnc  <http://bio2rdf.org/hgnc_vocabulary:status>  "Approved" ;
                      <http://bio2rdf.org/hgnc_vocabulary:date_modified>  ?date2
            FILTER ( ?date2 > "2012-01-01"^^xsd:date )
          }
      }
  }

SplitQuery:
___
P1 (EP: http://localhost:8080/rdf4j-server/repositories/mgi)
{ ?mgi  a                     ?type ;
        <http://bio2rdf.org/mgi_vocabulary:chromosomePosition>  ?o ;
        <http://bio2rdf.org/mgi_vocabulary:xHGNC>  ?link_hgnc
  FILTER ( ?o < str(80) )
}
P2 (EP: http://localhost:8080/rdf4j-server/repositories/hgnc
{   { ?res1  <http://bio2rdf.org/hgnc_vocabulary:status>  "Symbol Withdrawn" ;
             <http://bio2rdf.org/hgnc_vocabulary:date_modified>  ?date1
      FILTER ( ?date1 < "1995-01-01"^^<http://www.w3.org/2001/XMLSchema#date> )
    }
  UNION
    { ?link_hgnc  <http://bio2rdf.org/hgnc_vocabulary:status>  "Approved" ;
                <http://bio2rdf.org/hgnc_vocabulary:date_modified>  ?date2
      FILTER ( ?date2 > "2012-01-01"^^<http://www.w3.org/2001/XMLSchema#date> )
    }
})
___
RUNNING SYMHASHP for /Users/cbuil/Proyectos/sparql_fed_prob/svn_wu/sparql_fed_prob/src/benchmark/resources/queries/bio/carlos_join5.rq
Symhash with page of 500 round 0




















































































































































































































































































































































































































































































































Symhash with page of 500 round 1

















































































































































































































Done true
Symhash with page of 500 round 2
Symhash with page of 500 round 3
Symhash with page of 500 round 4




















































































































































































































































































































































































































































































































Symhash with page of 500 round 5
Symhash with page of 500 round 6
Symhash with page of 500 round 7
Symhash with page of 500 round 8




















































































































































































































































































































































































































































































































Symhash with page of 500 round 9
Symhash with page of 500 round 10
Symhash with page of 500 round 11
Symhash with page of 500 round 12




















































































































































































































































































































































































































































































































Symhash with page of 500 round 13
Symhash with page of 500 round 14
Symhash with page of 500 round 15
Symhash with page of 500 round 16




















































































































































































































































































































































































































































































































Symhash with page of 500 round 17
Symhash with page of 500 round 18
Done false
[JOIN] SYMHASH [RESULTS] 3274 [TIME] -1 [EXCEPTION] 
 carlos_join5.rq,SYMHASHP,3274,21547,16753,8771,1,1,500,
=======[END] (24591 ms)
 