=======[START] ([-e, http://localhost:8080/rdf4j-server/repositories/mgi, -q, /Users/cbuil/Proyectos/sparql_fed_prob/svn_wu/sparql_fed_prob/src/benchmark/resources/queries/bio/carlos_join4.rq, -j, VALUES, -o, bench.bio.results, -b, -1])
 Joins [VALUES]
-1
-1
______
Parsing Query
______
PREFIX  xsd:  <http://www.w3.org/2001/XMLSchema#>
PREFIX  rdf:  <http://www.w3.org/1999/02/22-rdf-syntax-ns#>

SELECT  *
WHERE
  { SERVICE <http://localhost:8080/rdf4j-server/repositories/mgi>
      { ?s  rdf:type  ?type
        OPTIONAL
          { ?s  <http://bio2rdf.org/mgi_vocabulary:xHGNC>  ?res1 }
      }
    SERVICE <http://localhost:8080/rdf4j-server/repositories/hgnc>
      { ?res1  <http://bio2rdf.org/hgnc_vocabulary:status>  "Approved" ;
               <http://bio2rdf.org/hgnc_vocabulary:date_modified>  ?date
        FILTER ( ?date < "1995-01-01"^^xsd:date )
      }
  }

SplitQuery:
___
P1 (EP: http://localhost:8080/rdf4j-server/repositories/mgi)
{ ?s  a                     ?type
  OPTIONAL
    { ?s  <http://bio2rdf.org/mgi_vocabulary:xHGNC>  ?res1 }
}
P2 (EP: http://localhost:8080/rdf4j-server/repositories/hgnc
{ ?res1  <http://bio2rdf.org/hgnc_vocabulary:status>  "Approved" ;
         <http://bio2rdf.org/hgnc_vocabulary:date_modified>  ?date
  FILTER ( ?date < "1995-01-01"^^<http://www.w3.org/2001/XMLSchema#date> )
})
___
RUNNING VALUES for /Users/cbuil/Proyectos/sparql_fed_prob/svn_wu/sparql_fed_prob/src/benchmark/resources/queries/bio/carlos_join4.rq
I/O exception (java.net.SocketException) caught when processing request: Protocol wrong type for socket (Write failed)
 Retrying request
 I/O exception (java.net.SocketException) caught when processing request: Protocol wrong type for socket (Write failed)
 Retrying request
 I/O exception (java.net.SocketException) caught when processing request: Broken pipe (Write failed)
 Retrying request
 HttpException: java.net.SocketException: Broken pipe (Write failed): Unexpected error making the query: java.net.SocketException: Broken pipe (Write failed)
	at org.apache.jena.sparql.engine.http.HttpQuery.rewrap(HttpQuery.java:414)
	at org.apache.jena.sparql.engine.http.HttpQuery.execPost(HttpQuery.java:399)
	at org.apache.jena.sparql.engine.http.HttpQuery.exec(HttpQuery.java:291)
	at org.apache.jena.sparql.engine.http.QueryEngineHTTP.execResultSetInner(QueryEngineHTTP.java:359)
	at org.apache.jena.sparql.engine.http.QueryEngineHTTP.execSelect(QueryEngineHTTP.java:351)
	at join.VALUES.runSingle(VALUES.java:197)
	at join.VALUES.executeHTTP(VALUES.java:148)
	at join.JoinOps.executeHTTP(JoinOps.java:31)
	at bench.QueryExecution.executeOverHTTP(QueryExecution.java:113)
	at cli.Run.runQuery(Run.java:126)
	at cli.Run.execute(Run.java:101)
	at cli.CLIObject.run(CLIObject.java:49)
	at cli.Main.main(Main.java:65)
	at sun.reflect.NativeMethodAccessorImpl.invoke0(Native Method)
	at sun.reflect.NativeMethodAccessorImpl.invoke(NativeMethodAccessorImpl.java:62)
	at sun.reflect.DelegatingMethodAccessorImpl.invoke(DelegatingMethodAccessorImpl.java:43)
	at java.lang.reflect.Method.invoke(Method.java:498)
	at org.eclipse.jdt.internal.jarinjarloader.JarRsrcLoader.main(JarRsrcLoader.java:58)
Caused by: java.net.SocketException: Broken pipe (Write failed)
	at java.net.SocketOutputStream.socketWrite0(Native Method)
	at java.net.SocketOutputStream.socketWrite(SocketOutputStream.java:109)
	at java.net.SocketOutputStream.write(SocketOutputStream.java:153)
	at org.apache.http.impl.io.AbstractSessionOutputBuffer.write(AbstractSessionOutputBuffer.java:169)
	at org.apache.http.impl.io.ContentLengthOutputStream.write(ContentLengthOutputStream.java:119)
	at org.apache.http.impl.io.ContentLengthOutputStream.write(ContentLengthOutputStream.java:126)
	at org.apache.http.entity.StringEntity.writeTo(StringEntity.java:176)
	at org.apache.http.entity.HttpEntityWrapper.writeTo(HttpEntityWrapper.java:98)
	at org.apache.http.impl.client.EntityEnclosingRequestWrapper$EntityWrapper.writeTo(EntityEnclosingRequestWrapper.java:108)
	at org.apache.http.entity.HttpEntityWrapper.writeTo(HttpEntityWrapper.java:98)
	at org.apache.http.impl.client.EntityEnclosingRequestWrapper$EntityWrapper.writeTo(EntityEnclosingRequestWrapper.java:108)
	at org.apache.http.impl.entity.EntitySerializer.serialize(EntitySerializer.java:122)
	at org.apache.http.impl.AbstractHttpClientConnection.sendRequestEntity(AbstractHttpClientConnection.java:271)
	at org.apache.http.impl.conn.ManagedClientConnectionImpl.sendRequestEntity(ManagedClientConnectionImpl.java:197)
	at org.apache.http.protocol.HttpRequestExecutor.doSendRequest(HttpRequestExecutor.java:257)
	at org.apache.http.protocol.HttpRequestExecutor.execute(HttpRequestExecutor.java:125)
	at org.apache.http.impl.client.DefaultRequestDirector.tryExecute(DefaultRequestDirector.java:715)
	at org.apache.http.impl.client.DefaultRequestDirector.execute(DefaultRequestDirector.java:520)
	at org.apache.http.impl.client.AbstractHttpClient.execute(AbstractHttpClient.java:906)
	at org.apache.http.impl.client.DecompressingHttpClient.execute(DecompressingHttpClient.java:137)
	at org.apache.http.impl.client.DecompressingHttpClient.execute(DecompressingHttpClient.java:118)
	at org.apache.jena.riot.web.HttpOp.exec(HttpOp.java:1186)
	at org.apache.jena.riot.web.HttpOp.execHttpPostForm(HttpOp.java:945)
	at org.apache.jena.riot.web.HttpOp.execHttpPostFormStream(HttpOp.java:895)
	at org.apache.jena.sparql.engine.http.HttpQuery.execPost(HttpQuery.java:394)
	... 16 more
[JOIN] VALUES [RESULTS] -1 [TIME] -1 [EXCEPTION] QueryExceptionHTTP
 carlos_join4.rq,VALUES,-1,9419,250924,-1,1,-1,-1,QueryExceptionHTTP
=======[END] (12797 ms)
 