=======[START] ([-e, http://localhost:8080/rdf4j-server/repositories/mgi, -q, /Users/cbuil/Proyectos/sparql_fed_prob/svn_wu/sparql_fed_prob/src/benchmark/resources/queries/bio/carlos_join9.rq, -j, UNION, -o, bench.bio.results, -b, -1])
 Joins [UNION]
-1
-1
______
Parsing Query
______
SELECT  *
WHERE
  { SERVICE <http://localhost:8080/rdf4j-server/repositories/mgi>
      { ?mgi  <http://bio2rdf.org/mgi_vocabulary:chromosomePosition>  ?o ;
              <http://bio2rdf.org/mgi_vocabulary:xGeneID>  ?join2 ;
              <http://bio2rdf.org/mgi_vocabulary:xHGNC>  ?join1
      }
    SERVICE <http://localhost:8080/rdf4j-server/repositories/hgnc>
      { ?join1  <http://bio2rdf.org/hgnc_vocabulary:status>  "Approved" ;
                <http://bio2rdf.org/hgnc_vocabulary:x-geneid>  ?join2
      }
  }

SplitQuery:
___
P1 (EP: http://localhost:8080/rdf4j-server/repositories/mgi)
{ ?mgi  <http://bio2rdf.org/mgi_vocabulary:chromosomePosition>  ?o ;
        <http://bio2rdf.org/mgi_vocabulary:xGeneID>  ?join2 ;
        <http://bio2rdf.org/mgi_vocabulary:xHGNC>  ?join1
}
P2 (EP: http://localhost:8080/rdf4j-server/repositories/hgnc
{ ?join1  <http://bio2rdf.org/hgnc_vocabulary:status>  "Approved" ;
          <http://bio2rdf.org/hgnc_vocabulary:x-geneid>  ?join2
})
___
RUNNING UNION for /Users/cbuil/Proyectos/sparql_fed_prob/svn_wu/sparql_fed_prob/src/benchmark/resources/queries/bio/carlos_join9.rq
P1:SELECT  *
WHERE
  { ?mgi  <http://bio2rdf.org/mgi_vocabulary:chromosomePosition>  ?o ;
          <http://bio2rdf.org/mgi_vocabulary:xGeneID>  ?join2 ;
          <http://bio2rdf.org/mgi_vocabulary:xHGNC>  ?join1
  }

I/O exception (java.net.SocketException) caught when processing request: Broken pipe (Write failed)
 Retrying request
 I/O exception (java.net.SocketException) caught when processing request: Protocol wrong type for socket (Write failed)
 Retrying request
 I/O exception (java.net.SocketException) caught when processing request: Broken pipe (Write failed)
 Retrying request
 [JOIN] UNION [RESULTS] -1 [TIME] -1 [EXCEPTION] QueryExceptionHTTP
 carlos_join9.rq,UNION,-1,7151,35636,-1,1,-1,-1,QueryExceptionHTTP
=======[END] (9971 ms)
 